Arguments: 
  H:\Program Files\nodejs\node.exe C:\Program Files (x86)\Yarn\bin\yarn.js add react-navigation-tabs

PATH: 
  C:\ProgramData\DockerDesktop\version-bin;C:\Program Files\Docker\Docker\Resources\bin;C:\Python27\;C:\Python27\Scripts;C:\ProgramData\Boxstarter;C:\ProgramData\Oracle\Java\javapath;C:\Windows\system32;C:\Windows;C:\Windows\System32\Wbem;C:\Windows\System32\WindowsPowerShell\v1.0\;C:\Program Files (x86)\NVIDIA Corporation\PhysX\Common;C:\Program Files (x86)\GtkSharp\2.12\bin;C:\MinGW\bin;C:\Program Files\Java\jdk1.8.0_101\bin;C:\Program Files\OpenVPN\bin;H:\Program Files\Git\cmd;C:\WINDOWS\system32;C:\WINDOWS;C:\WINDOWS\System32\Wbem;C:\WINDOWS\System32\WindowsPowerShell\v1.0\;C:\WINDOWS\System32\OpenSSH\;H:\Program Files\nodejs\;C:\ProgramData\chocolatey\bin;;C:\WINDOWS\system32;C:\WINDOWS;C:\WINDOWS\System32\Wbem;C:\WINDOWS\System32\WindowsPowerShell\v1.0\;C:\WINDOWS\System32\OpenSSH\;C:\Program Files (x86)\Yarn\bin\;C:\Users\Jakob Engl\AppData\Local\Programs\Python\Python36-32\Scripts\;C:\Users\Jakob Engl\AppData\Local\Programs\Python\Python36-32\;C:\Users\Jakob Engl\AppData\Local\Programs\Python\Launcher\;C:\Users\Jakob Engl\AppData\Local\Microsoft\WindowsApps;H:H:\Program Files (x86)\MinGW\bin;H:\Users\Jakob Engl\AppData\Local\Programs\MiKTeX 2.9\miktex\bin\x64\;C:\Users\Jakob Engl\AppData\Local\Programs\Microsoft VS Code\bin;C:\Users\Jakob Engl\AppData\Roaming\npm;C:\Users\Jakob Engl\AppData\Local\Microsoft\WindowsApps;C:\Users\Jakob Engl\AppData\Local\Yarn\bin

Yarn version: 
  1.19.1

Node version: 
  10.13.0

Platform: 
  win32 x64

Trace: 
  Error: ENOTEMPTY: directory not empty, rmdir 'H:\FFD\FFD\React_native\ffd\node_modules\@react-navigation\core\node_modules'

npm manifest: 
  {
    "main": "node_modules/expo/AppEntry.js",
    "scripts": {
      "start": "expo start",
      "android": "expo start --android",
      "ios": "expo start --ios",
      "web": "expo start --web",
      "eject": "expo eject"
    },
    "dependencies": {
      "expo": "^35.0.0",
      "react": "16.8.3",
      "react-dom": "16.8.3",
      "react-native": "https://github.com/expo/react-native/archive/sdk-35.0.0.tar.gz",
      "react-native-gesture-handler": "~1.3.0",
      "react-native-reanimated": "~1.2.0",
      "react-native-screens": "~1.0.0-alpha.23",
      "react-native-web": "^0.11.7",
      "react-navigation": "^4.0.10"
    },
    "devDependencies": {
      "babel-preset-expo": "^7.1.0"
    },
    "private": true
  }

yarn manifest: 
  No manifest

Lockfile: 
  No lockfile
